Start testing: Jul 07 23:02 UTC
----------------------------------------------------------
1/1 Testing: QuaternionTests
1/1 Test: QuaternionTests
Command: "/app/build/test/Boost_Tests_run"
Directory: /app/build/test
"QuaternionTests" start time: Jul 07 23:02 UTC
Output:
----------------------------------------------------------
Running 34 test cases...
/app/test/test.cpp(699): [1;31;49merror: in "BoostQuaternionComparisonTests/BoostFromAxisAngle": check our_q.b == boost_q.R_component_2() has failed [-nan != 0]: absolute value exceeds tolerance [|-nan| > 1e-05][0;39;49m
/app/test/test.cpp(700): [1;31;49merror: in "BoostQuaternionComparisonTests/BoostFromAxisAngle": check our_q.c == boost_q.R_component_3() has failed [-nan != 0]: absolute value exceeds tolerance [|-nan| > 1e-05][0;39;49m
/app/test/test.cpp(701): [1;31;49merror: in "BoostQuaternionComparisonTests/BoostFromAxisAngle": check our_q.d == boost_q.R_component_4() has failed [-nan != 0]: absolute value exceeds tolerance [|-nan| > 1e-05][0;39;49m

[1;31;49m*** 3 failures are detected in the test module "QuaternionTest"
[0;39;49m
<end of output>
Test time =   0.01 sec
----------------------------------------------------------
Test Failed.
"QuaternionTests" end time: Jul 07 23:02 UTC
"QuaternionTests" time elapsed: 00:00:00
----------------------------------------------------------

End testing: Jul 07 23:02 UTC
